{"D:\\PROJECTS\\functional-lib-flowkuc\\src\\Container.js": {"path":"D:\\PROJECTS\\functional-lib-flowkuc\\src\\Container.js","statementMap":{"0":{"start":{"line":1,"column":21},"end":{"line":1,"column":36}},"1":{"start":{"line":5,"column":4},"end":{"line":5,"column":20}},"2":{"start":{"line":8,"column":4},"end":{"line":8,"column":27}},"3":{"start":{"line":11,"column":4},"end":{"line":11,"column":28}},"4":{"start":{"line":14,"column":4},"end":{"line":14,"column":54}},"5":{"start":{"line":17,"column":4},"end":{"line":17,"column":23}}},"fnMap":{"0":{"name":"(anonymous_0)","decl":{"start":{"line":4,"column":2},"end":{"line":4,"column":3}},"loc":{"start":{"line":4,"column":17},"end":{"line":6,"column":3}},"line":4},"1":{"name":"(anonymous_1)","decl":{"start":{"line":7,"column":2},"end":{"line":7,"column":3}},"loc":{"start":{"line":7,"column":10},"end":{"line":9,"column":3}},"line":7},"2":{"name":"(anonymous_2)","decl":{"start":{"line":10,"column":2},"end":{"line":10,"column":3}},"loc":{"start":{"line":10,"column":15},"end":{"line":12,"column":3}},"line":10},"3":{"name":"(anonymous_3)","decl":{"start":{"line":13,"column":2},"end":{"line":13,"column":3}},"loc":{"start":{"line":13,"column":13},"end":{"line":15,"column":3}},"line":13},"4":{"name":"(anonymous_4)","decl":{"start":{"line":16,"column":2},"end":{"line":16,"column":3}},"loc":{"start":{"line":16,"column":12},"end":{"line":18,"column":3}},"line":16}},"branchMap":{},"s":{"0":10,"1":28,"2":1,"3":1,"4":5,"5":6},"f":{"0":28,"1":1,"2":1,"3":5,"4":6},"b":{},"_coverageSchema":"1a1c01bbd47fc00a2c39e90264f33305004495a9","hash":"b1f79519a6c61645447bb6dd9b8e483663aa2b85"}
,"D:\\PROJECTS\\functional-lib-flowkuc\\src\\Either.js": {"path":"D:\\PROJECTS\\functional-lib-flowkuc\\src\\Either.js","statementMap":{"0":{"start":{"line":7,"column":4},"end":{"line":7,"column":85}},"1":{"start":{"line":10,"column":4},"end":{"line":10,"column":35}}},"fnMap":{"0":{"name":"(anonymous_0)","decl":{"start":{"line":6,"column":2},"end":{"line":6,"column":3}},"loc":{"start":{"line":6,"column":27},"end":{"line":8,"column":3}},"line":6},"1":{"name":"(anonymous_1)","decl":{"start":{"line":9,"column":2},"end":{"line":9,"column":3}},"loc":{"start":{"line":9,"column":25},"end":{"line":11,"column":3}},"line":9}},"branchMap":{"0":{"loc":{"start":{"line":7,"column":11},"end":{"line":7,"column":84}},"type":"cond-expr","locations":[{"start":{"line":7,"column":51},"end":{"line":7,"column":65}},{"start":{"line":7,"column":68},"end":{"line":7,"column":84}}],"line":7},"1":{"loc":{"start":{"line":7,"column":11},"end":{"line":7,"column":48}},"type":"binary-expr","locations":[{"start":{"line":7,"column":11},"end":{"line":7,"column":30}},{"start":{"line":7,"column":34},"end":{"line":7,"column":48}}],"line":7}},"s":{"0":6,"1":6},"f":{"0":6,"1":6},"b":{"0":[3,3],"1":[6,5]},"_coverageSchema":"1a1c01bbd47fc00a2c39e90264f33305004495a9","hash":"2bd124bd71b2d8396940ad3cb061306dff27ab8f"}
,"D:\\PROJECTS\\functional-lib-flowkuc\\src\\Functor.js": {"path":"D:\\PROJECTS\\functional-lib-flowkuc\\src\\Functor.js","statementMap":{"0":{"start":{"line":5,"column":4},"end":{"line":5,"column":26}},"1":{"start":{"line":8,"column":4},"end":{"line":8,"column":39}}},"fnMap":{"0":{"name":"(anonymous_0)","decl":{"start":{"line":4,"column":2},"end":{"line":4,"column":3}},"loc":{"start":{"line":4,"column":15},"end":{"line":6,"column":3}},"line":4},"1":{"name":"(anonymous_1)","decl":{"start":{"line":7,"column":2},"end":{"line":7,"column":3}},"loc":{"start":{"line":7,"column":10},"end":{"line":9,"column":3}},"line":7}},"branchMap":{},"s":{"0":3,"1":2},"f":{"0":3,"1":2},"b":{},"_coverageSchema":"1a1c01bbd47fc00a2c39e90264f33305004495a9","hash":"6c813343249f272dba390942bd844e9cee911ab2"}
,"D:\\PROJECTS\\functional-lib-flowkuc\\src\\Just.js": {"path":"D:\\PROJECTS\\functional-lib-flowkuc\\src\\Just.js","statementMap":{"0":{"start":{"line":7,"column":4},"end":{"line":7,"column":17}},"1":{"start":{"line":10,"column":4},"end":{"line":10,"column":37}}},"fnMap":{"0":{"name":"(anonymous_0)","decl":{"start":{"line":6,"column":2},"end":{"line":6,"column":3}},"loc":{"start":{"line":6,"column":14},"end":{"line":8,"column":3}},"line":6},"1":{"name":"(anonymous_1)","decl":{"start":{"line":9,"column":2},"end":{"line":9,"column":3}},"loc":{"start":{"line":9,"column":10},"end":{"line":11,"column":3}},"line":9}},"branchMap":{},"s":{"0":1,"1":3},"f":{"0":1,"1":3},"b":{},"_coverageSchema":"1a1c01bbd47fc00a2c39e90264f33305004495a9","hash":"b785fde03c23363aa00f75eae178b3aa41d68b0a"}
,"D:\\PROJECTS\\functional-lib-flowkuc\\src\\Left.js": {"path":"D:\\PROJECTS\\functional-lib-flowkuc\\src\\Left.js","statementMap":{"0":{"start":{"line":5,"column":4},"end":{"line":5,"column":16}},"1":{"start":{"line":8,"column":4},"end":{"line":8,"column":16}}},"fnMap":{"0":{"name":"(anonymous_0)","decl":{"start":{"line":4,"column":2},"end":{"line":4,"column":3}},"loc":{"start":{"line":4,"column":11},"end":{"line":6,"column":3}},"line":4},"1":{"name":"(anonymous_1)","decl":{"start":{"line":7,"column":2},"end":{"line":7,"column":3}},"loc":{"start":{"line":7,"column":10},"end":{"line":9,"column":3}},"line":7}},"branchMap":{},"s":{"0":2,"1":1},"f":{"0":2,"1":1},"b":{},"_coverageSchema":"1a1c01bbd47fc00a2c39e90264f33305004495a9","hash":"f025b96f7c63bddc3a6475139bb1b732c6e6a11a"}
,"D:\\PROJECTS\\functional-lib-flowkuc\\src\\Maybe.js": {"path":"D:\\PROJECTS\\functional-lib-flowkuc\\src\\Maybe.js","statementMap":{"0":{"start":{"line":7,"column":4},"end":{"line":7,"column":71}},"1":{"start":{"line":10,"column":4},"end":{"line":10,"column":24}}},"fnMap":{"0":{"name":"(anonymous_0)","decl":{"start":{"line":6,"column":2},"end":{"line":6,"column":3}},"loc":{"start":{"line":6,"column":17},"end":{"line":8,"column":3}},"line":6},"1":{"name":"(anonymous_1)","decl":{"start":{"line":9,"column":2},"end":{"line":9,"column":3}},"loc":{"start":{"line":9,"column":15},"end":{"line":11,"column":3}},"line":9}},"branchMap":{"0":{"loc":{"start":{"line":7,"column":11},"end":{"line":7,"column":70}},"type":"cond-expr","locations":[{"start":{"line":7,"column":43},"end":{"line":7,"column":56}},{"start":{"line":7,"column":59},"end":{"line":7,"column":70}}],"line":7},"1":{"loc":{"start":{"line":7,"column":11},"end":{"line":7,"column":40}},"type":"binary-expr","locations":[{"start":{"line":7,"column":11},"end":{"line":7,"column":26}},{"start":{"line":7,"column":30},"end":{"line":7,"column":40}}],"line":7}},"s":{"0":7,"1":7},"f":{"0":7,"1":7},"b":{"0":[2,5],"1":[7,6]},"_coverageSchema":"1a1c01bbd47fc00a2c39e90264f33305004495a9","hash":"131ade350537cb4b640c67d39fd159a2249f0af5"}
,"D:\\PROJECTS\\functional-lib-flowkuc\\src\\Monad.js": {"path":"D:\\PROJECTS\\functional-lib-flowkuc\\src\\Monad.js","statementMap":{"0":{"start":{"line":6,"column":4},"end":{"line":6,"column":24}},"1":{"start":{"line":9,"column":4},"end":{"line":9,"column":37}},"2":{"start":{"line":12,"column":20},"end":{"line":12,"column":31}},"3":{"start":{"line":13,"column":4},"end":{"line":13,"column":66}},"4":{"start":{"line":16,"column":4},"end":{"line":16,"column":33}},"5":{"start":{"line":19,"column":4},"end":{"line":19,"column":33}}},"fnMap":{"0":{"name":"(anonymous_0)","decl":{"start":{"line":5,"column":2},"end":{"line":5,"column":3}},"loc":{"start":{"line":5,"column":15},"end":{"line":7,"column":3}},"line":5},"1":{"name":"(anonymous_1)","decl":{"start":{"line":8,"column":2},"end":{"line":8,"column":3}},"loc":{"start":{"line":8,"column":10},"end":{"line":10,"column":3}},"line":8},"2":{"name":"(anonymous_2)","decl":{"start":{"line":11,"column":2},"end":{"line":11,"column":3}},"loc":{"start":{"line":11,"column":11},"end":{"line":14,"column":3}},"line":11},"3":{"name":"(anonymous_3)","decl":{"start":{"line":15,"column":2},"end":{"line":15,"column":3}},"loc":{"start":{"line":15,"column":12},"end":{"line":17,"column":3}},"line":15},"4":{"name":"(anonymous_4)","decl":{"start":{"line":18,"column":2},"end":{"line":18,"column":3}},"loc":{"start":{"line":18,"column":8},"end":{"line":20,"column":3}},"line":18}},"branchMap":{"0":{"loc":{"start":{"line":13,"column":11},"end":{"line":13,"column":65}},"type":"cond-expr","locations":[{"start":{"line":13,"column":42},"end":{"line":13,"column":58}},{"start":{"line":13,"column":61},"end":{"line":13,"column":65}}],"line":13}},"s":{"0":4,"1":2,"2":0,"3":0,"4":0,"5":1},"f":{"0":4,"1":2,"2":0,"3":0,"4":1},"b":{"0":[0,0]},"_coverageSchema":"1a1c01bbd47fc00a2c39e90264f33305004495a9","hash":"632417dad78c30637782086134083090b68b69a2"}
,"D:\\PROJECTS\\functional-lib-flowkuc\\src\\Nothing.js": {"path":"D:\\PROJECTS\\functional-lib-flowkuc\\src\\Nothing.js","statementMap":{"0":{"start":{"line":5,"column":4},"end":{"line":5,"column":16}},"1":{"start":{"line":8,"column":4},"end":{"line":8,"column":23}},"2":{"start":{"line":11,"column":4},"end":{"line":11,"column":16}}},"fnMap":{"0":{"name":"(anonymous_0)","decl":{"start":{"line":4,"column":2},"end":{"line":4,"column":3}},"loc":{"start":{"line":4,"column":14},"end":{"line":6,"column":3}},"line":4},"1":{"name":"(anonymous_1)","decl":{"start":{"line":7,"column":2},"end":{"line":7,"column":3}},"loc":{"start":{"line":7,"column":13},"end":{"line":9,"column":3}},"line":7},"2":{"name":"(anonymous_2)","decl":{"start":{"line":10,"column":2},"end":{"line":10,"column":3}},"loc":{"start":{"line":10,"column":10},"end":{"line":12,"column":3}},"line":10}},"branchMap":{},"s":{"0":1,"1":2,"2":3},"f":{"0":1,"1":2,"2":3},"b":{},"_coverageSchema":"1a1c01bbd47fc00a2c39e90264f33305004495a9","hash":"94d147040513c7b398e0d062736edf10c71e7264"}
,"D:\\PROJECTS\\functional-lib-flowkuc\\src\\Right.js": {"path":"D:\\PROJECTS\\functional-lib-flowkuc\\src\\Right.js","statementMap":{"0":{"start":{"line":7,"column":4},"end":{"line":7,"column":17}},"1":{"start":{"line":10,"column":4},"end":{"line":10,"column":44}}},"fnMap":{"0":{"name":"(anonymous_0)","decl":{"start":{"line":6,"column":2},"end":{"line":6,"column":3}},"loc":{"start":{"line":6,"column":11},"end":{"line":8,"column":3}},"line":6},"1":{"name":"(anonymous_1)","decl":{"start":{"line":9,"column":2},"end":{"line":9,"column":3}},"loc":{"start":{"line":9,"column":10},"end":{"line":11,"column":3}},"line":9}},"branchMap":{},"s":{"0":1,"1":1},"f":{"0":1,"1":1},"b":{},"_coverageSchema":"1a1c01bbd47fc00a2c39e90264f33305004495a9","hash":"a2b37ca8428aa66a0b210166b126a7e5cace41e2"}
,"D:\\PROJECTS\\functional-lib-flowkuc\\src\\Try.js": {"path":"D:\\PROJECTS\\functional-lib-flowkuc\\src\\Try.js","statementMap":{"0":{"start":{"line":5,"column":4},"end":{"line":9,"column":5}},"1":{"start":{"line":6,"column":6},"end":{"line":6,"column":35}},"2":{"start":{"line":8,"column":6},"end":{"line":8,"column":39}},"3":{"start":{"line":12,"column":4},"end":{"line":12,"column":28}}},"fnMap":{"0":{"name":"(anonymous_0)","decl":{"start":{"line":4,"column":2},"end":{"line":4,"column":3}},"loc":{"start":{"line":4,"column":23},"end":{"line":10,"column":3}},"line":4},"1":{"name":"(anonymous_1)","decl":{"start":{"line":11,"column":2},"end":{"line":11,"column":3}},"loc":{"start":{"line":11,"column":21},"end":{"line":13,"column":3}},"line":11}},"branchMap":{"0":{"loc":{"start":{"line":8,"column":23},"end":{"line":8,"column":31}},"type":"binary-expr","locations":[{"start":{"line":8,"column":23},"end":{"line":8,"column":26}},{"start":{"line":8,"column":30},"end":{"line":8,"column":31}}],"line":8}},"s":{"0":3,"1":3,"2":2,"3":3},"f":{"0":3,"1":3},"b":{"0":[2,1]},"_coverageSchema":"1a1c01bbd47fc00a2c39e90264f33305004495a9","hash":"1cc994fa5ad4744151b33ffdeafdec1a52e4b16c"}
,"D:\\PROJECTS\\functional-lib-flowkuc\\src\\alternate.js": {"path":"D:\\PROJECTS\\functional-lib-flowkuc\\src\\alternate.js","statementMap":{"0":{"start":{"line":1,"column":25},"end":{"line":4,"column":1}},"1":{"start":{"line":1,"column":39},"end":{"line":4,"column":1}},"2":{"start":{"line":2,"column":2},"end":{"line":2,"column":15}},"3":{"start":{"line":3,"column":2},"end":{"line":3,"column":26}}},"fnMap":{"0":{"name":"(anonymous_0)","decl":{"start":{"line":1,"column":25},"end":{"line":1,"column":26}},"loc":{"start":{"line":1,"column":39},"end":{"line":4,"column":1}},"line":1},"1":{"name":"(anonymous_1)","decl":{"start":{"line":1,"column":39},"end":{"line":1,"column":40}},"loc":{"start":{"line":1,"column":52},"end":{"line":4,"column":1}},"line":1}},"branchMap":{},"s":{"0":1,"1":1,"2":3,"3":3},"f":{"0":1,"1":3},"b":{},"_coverageSchema":"1a1c01bbd47fc00a2c39e90264f33305004495a9","hash":"af13409cb3c41ce0254fd270490eeac82ee7caa9"}
,"D:\\PROJECTS\\functional-lib-flowkuc\\src\\compose.js": {"path":"D:\\PROJECTS\\functional-lib-flowkuc\\src\\compose.js","statementMap":{"0":{"start":{"line":3,"column":23},"end":{"line":3,"column":57}},"1":{"start":{"line":3,"column":35},"end":{"line":3,"column":57}}},"fnMap":{"0":{"name":"(anonymous_0)","decl":{"start":{"line":3,"column":23},"end":{"line":3,"column":24}},"loc":{"start":{"line":3,"column":35},"end":{"line":3,"column":57}},"line":3}},"branchMap":{},"s":{"0":1,"1":1},"f":{"0":1},"b":{},"_coverageSchema":"1a1c01bbd47fc00a2c39e90264f33305004495a9","hash":"9cc3013827b3bdd21c65e43c2d9b1ecd7018182b"}
,"D:\\PROJECTS\\functional-lib-flowkuc\\src\\curry.js": {"path":"D:\\PROJECTS\\functional-lib-flowkuc\\src\\curry.js","statementMap":{"0":{"start":{"line":1,"column":21},"end":{"line":1,"column":86}},"1":{"start":{"line":1,"column":30},"end":{"line":1,"column":85}},"2":{"start":{"line":1,"column":62},"end":{"line":1,"column":85}}},"fnMap":{"0":{"name":"(anonymous_0)","decl":{"start":{"line":1,"column":21},"end":{"line":1,"column":22}},"loc":{"start":{"line":1,"column":30},"end":{"line":1,"column":85}},"line":1},"1":{"name":"(anonymous_1)","decl":{"start":{"line":1,"column":55},"end":{"line":1,"column":56}},"loc":{"start":{"line":1,"column":62},"end":{"line":1,"column":85}},"line":1}},"branchMap":{"0":{"loc":{"start":{"line":1,"column":30},"end":{"line":1,"column":85}},"type":"cond-expr","locations":[{"start":{"line":1,"column":48},"end":{"line":1,"column":52}},{"start":{"line":1,"column":55},"end":{"line":1,"column":85}}],"line":1}},"s":{"0":1,"1":4,"2":3},"f":{"0":4,"1":3},"b":{"0":[1,3]},"_coverageSchema":"1a1c01bbd47fc00a2c39e90264f33305004495a9","hash":"222c7ddab3738557d5ec0d9f8ed24163c33baa9f"}
,"D:\\PROJECTS\\functional-lib-flowkuc\\src\\demethodise.js": {"path":"D:\\PROJECTS\\functional-lib-flowkuc\\src\\demethodise.js","statementMap":{"0":{"start":{"line":1,"column":27},"end":{"line":1,"column":66}},"1":{"start":{"line":1,"column":35},"end":{"line":1,"column":66}},"2":{"start":{"line":1,"column":48},"end":{"line":1,"column":66}}},"fnMap":{"0":{"name":"(anonymous_0)","decl":{"start":{"line":1,"column":27},"end":{"line":1,"column":28}},"loc":{"start":{"line":1,"column":35},"end":{"line":1,"column":66}},"line":1},"1":{"name":"(anonymous_1)","decl":{"start":{"line":1,"column":35},"end":{"line":1,"column":36}},"loc":{"start":{"line":1,"column":48},"end":{"line":1,"column":66}},"line":1}},"branchMap":{},"s":{"0":1,"1":2,"2":5},"f":{"0":2,"1":5},"b":{},"_coverageSchema":"1a1c01bbd47fc00a2c39e90264f33305004495a9","hash":"522f32b0928ba32addbafea5e73b09d9a2a7f0b5"}
,"D:\\PROJECTS\\functional-lib-flowkuc\\src\\getField.js": {"path":"D:\\PROJECTS\\functional-lib-flowkuc\\src\\getField.js","statementMap":{"0":{"start":{"line":1,"column":24},"end":{"line":1,"column":52}},"1":{"start":{"line":1,"column":34},"end":{"line":1,"column":52}},"2":{"start":{"line":1,"column":43},"end":{"line":1,"column":52}}},"fnMap":{"0":{"name":"(anonymous_0)","decl":{"start":{"line":1,"column":24},"end":{"line":1,"column":25}},"loc":{"start":{"line":1,"column":34},"end":{"line":1,"column":52}},"line":1},"1":{"name":"(anonymous_1)","decl":{"start":{"line":1,"column":34},"end":{"line":1,"column":35}},"loc":{"start":{"line":1,"column":43},"end":{"line":1,"column":52}},"line":1}},"branchMap":{},"s":{"0":1,"1":1,"2":1},"f":{"0":1,"1":1},"b":{},"_coverageSchema":"1a1c01bbd47fc00a2c39e90264f33305004495a9","hash":"14b7b8c7eab4621cc1faf53281b37ab293b66642"}
,"D:\\PROJECTS\\functional-lib-flowkuc\\src\\invert.js": {"path":"D:\\PROJECTS\\functional-lib-flowkuc\\src\\invert.js","statementMap":{"0":{"start":{"line":1,"column":22},"end":{"line":1,"column":55}},"1":{"start":{"line":1,"column":30},"end":{"line":1,"column":55}},"2":{"start":{"line":1,"column":43},"end":{"line":1,"column":55}}},"fnMap":{"0":{"name":"(anonymous_0)","decl":{"start":{"line":1,"column":22},"end":{"line":1,"column":23}},"loc":{"start":{"line":1,"column":30},"end":{"line":1,"column":55}},"line":1},"1":{"name":"(anonymous_1)","decl":{"start":{"line":1,"column":30},"end":{"line":1,"column":31}},"loc":{"start":{"line":1,"column":43},"end":{"line":1,"column":55}},"line":1}},"branchMap":{},"s":{"0":1,"1":1,"2":6},"f":{"0":1,"1":6},"b":{},"_coverageSchema":"1a1c01bbd47fc00a2c39e90264f33305004495a9","hash":"edd8c7354e6ee9b7f3fff1c51130a46c00d9cb6d"}
,"D:\\PROJECTS\\functional-lib-flowkuc\\src\\logger.js": {"path":"D:\\PROJECTS\\functional-lib-flowkuc\\src\\logger.js","statementMap":{"0":{"start":{"line":1,"column":22},"end":{"line":10,"column":1}},"1":{"start":{"line":1,"column":52},"end":{"line":10,"column":1}},"2":{"start":{"line":2,"column":2},"end":{"line":9,"column":3}},"3":{"start":{"line":3,"column":22},"end":{"line":3,"column":33}},"4":{"start":{"line":4,"column":4},"end":{"line":4,"column":60}},"5":{"start":{"line":5,"column":4},"end":{"line":5,"column":21}},"6":{"start":{"line":7,"column":4},"end":{"line":7,"column":47}},"7":{"start":{"line":8,"column":4},"end":{"line":8,"column":14}}},"fnMap":{"0":{"name":"(anonymous_0)","decl":{"start":{"line":1,"column":22},"end":{"line":1,"column":23}},"loc":{"start":{"line":1,"column":52},"end":{"line":10,"column":1}},"line":1},"1":{"name":"(anonymous_1)","decl":{"start":{"line":1,"column":52},"end":{"line":1,"column":53}},"loc":{"start":{"line":1,"column":65},"end":{"line":10,"column":1}},"line":1}},"branchMap":{"0":{"loc":{"start":{"line":1,"column":27},"end":{"line":1,"column":47}},"type":"default-arg","locations":[{"start":{"line":1,"column":36},"end":{"line":1,"column":47}}],"line":1}},"s":{"0":1,"1":2,"2":3,"3":3,"4":1,"5":1,"6":2,"7":2},"f":{"0":2,"1":3},"b":{"0":[2]},"_coverageSchema":"1a1c01bbd47fc00a2c39e90264f33305004495a9","hash":"bf9f74c71777bde5118717e64a35e0baf1a6ac70"}
,"D:\\PROJECTS\\functional-lib-flowkuc\\src\\memoize.js": {"path":"D:\\PROJECTS\\functional-lib-flowkuc\\src\\memoize.js","statementMap":{"0":{"start":{"line":1,"column":23},"end":{"line":7,"column":1}},"1":{"start":{"line":2,"column":14},"end":{"line":2,"column":16}},"2":{"start":{"line":3,"column":2},"end":{"line":6,"column":4}},"3":{"start":{"line":4,"column":15},"end":{"line":4,"column":35}},"4":{"start":{"line":5,"column":4},"end":{"line":5,"column":69}}},"fnMap":{"0":{"name":"(anonymous_0)","decl":{"start":{"line":1,"column":23},"end":{"line":1,"column":24}},"loc":{"start":{"line":1,"column":31},"end":{"line":7,"column":1}},"line":1},"1":{"name":"(anonymous_1)","decl":{"start":{"line":3,"column":9},"end":{"line":3,"column":10}},"loc":{"start":{"line":3,"column":22},"end":{"line":6,"column":3}},"line":3}},"branchMap":{"0":{"loc":{"start":{"line":5,"column":11},"end":{"line":5,"column":68}},"type":"cond-expr","locations":[{"start":{"line":5,"column":27},"end":{"line":5,"column":38}},{"start":{"line":5,"column":42},"end":{"line":5,"column":67}}],"line":5}},"s":{"0":1,"1":1,"2":1,"3":4,"4":4},"f":{"0":1,"1":4},"b":{"0":[1,3]},"_coverageSchema":"1a1c01bbd47fc00a2c39e90264f33305004495a9","hash":"d607b54a90d7c07043bda0925c165ccb87233d50"}
,"D:\\PROJECTS\\functional-lib-flowkuc\\src\\not.js": {"path":"D:\\PROJECTS\\functional-lib-flowkuc\\src\\not.js","statementMap":{"0":{"start":{"line":1,"column":19},"end":{"line":1,"column":52}},"1":{"start":{"line":1,"column":27},"end":{"line":1,"column":52}},"2":{"start":{"line":1,"column":40},"end":{"line":1,"column":52}}},"fnMap":{"0":{"name":"(anonymous_0)","decl":{"start":{"line":1,"column":19},"end":{"line":1,"column":20}},"loc":{"start":{"line":1,"column":27},"end":{"line":1,"column":52}},"line":1},"1":{"name":"(anonymous_1)","decl":{"start":{"line":1,"column":27},"end":{"line":1,"column":28}},"loc":{"start":{"line":1,"column":40},"end":{"line":1,"column":52}},"line":1}},"branchMap":{},"s":{"0":1,"1":1,"2":5},"f":{"0":1,"1":5},"b":{},"_coverageSchema":"1a1c01bbd47fc00a2c39e90264f33305004495a9","hash":"f2b0b9796411447604fecc736ac6292ee2aa840e"}
,"D:\\PROJECTS\\functional-lib-flowkuc\\src\\once.js": {"path":"D:\\PROJECTS\\functional-lib-flowkuc\\src\\once.js","statementMap":{"0":{"start":{"line":1,"column":20},"end":{"line":6,"column":1}},"1":{"start":{"line":2,"column":2},"end":{"line":5,"column":4}},"2":{"start":{"line":3,"column":4},"end":{"line":3,"column":41}},"3":{"start":{"line":4,"column":4},"end":{"line":4,"column":13}}},"fnMap":{"0":{"name":"(anonymous_0)","decl":{"start":{"line":1,"column":20},"end":{"line":1,"column":21}},"loc":{"start":{"line":1,"column":41},"end":{"line":6,"column":1}},"line":1},"1":{"name":"(anonymous_1)","decl":{"start":{"line":1,"column":28},"end":{"line":1,"column":29}},"loc":{"start":{"line":1,"column":34},"end":{"line":1,"column":36}},"line":1},"2":{"name":"(anonymous_2)","decl":{"start":{"line":2,"column":9},"end":{"line":2,"column":10}},"loc":{"start":{"line":2,"column":22},"end":{"line":5,"column":3}},"line":2}},"branchMap":{"0":{"loc":{"start":{"line":1,"column":24},"end":{"line":1,"column":36}},"type":"default-arg","locations":[{"start":{"line":1,"column":28},"end":{"line":1,"column":36}}],"line":1},"1":{"loc":{"start":{"line":3,"column":4},"end":{"line":3,"column":40}},"type":"cond-expr","locations":[{"start":{"line":3,"column":17},"end":{"line":3,"column":27}},{"start":{"line":3,"column":30},"end":{"line":3,"column":40}}],"line":3}},"s":{"0":1,"1":2,"2":4,"3":4},"f":{"0":2,"1":1,"2":4},"b":{"0":[1],"1":[2,2]},"_coverageSchema":"1a1c01bbd47fc00a2c39e90264f33305004495a9","hash":"72bc339b2858d787ac49f279dcbc7c4636feee5e"}
,"D:\\PROJECTS\\functional-lib-flowkuc\\src\\pipe.js": {"path":"D:\\PROJECTS\\functional-lib-flowkuc\\src\\pipe.js","statementMap":{"0":{"start":{"line":1,"column":20},"end":{"line":1,"column":90}},"1":{"start":{"line":1,"column":32},"end":{"line":1,"column":90}},"2":{"start":{"line":1,"column":58},"end":{"line":1,"column":89}},"3":{"start":{"line":1,"column":71},"end":{"line":1,"column":89}}},"fnMap":{"0":{"name":"(anonymous_0)","decl":{"start":{"line":1,"column":20},"end":{"line":1,"column":21}},"loc":{"start":{"line":1,"column":32},"end":{"line":1,"column":90}},"line":1},"1":{"name":"(anonymous_1)","decl":{"start":{"line":1,"column":43},"end":{"line":1,"column":44}},"loc":{"start":{"line":1,"column":58},"end":{"line":1,"column":89}},"line":1},"2":{"name":"(anonymous_2)","decl":{"start":{"line":1,"column":58},"end":{"line":1,"column":59}},"loc":{"start":{"line":1,"column":71},"end":{"line":1,"column":89}},"line":1}},"branchMap":{},"s":{"0":3,"1":3,"2":7,"3":7},"f":{"0":3,"1":7,"2":7},"b":{},"_coverageSchema":"1a1c01bbd47fc00a2c39e90264f33305004495a9","hash":"976f1db5a3ee7331525b76e5bc028b93cc10f8f3"}
,"D:\\PROJECTS\\functional-lib-flowkuc\\src\\promisify.js": {"path":"D:\\PROJECTS\\functional-lib-flowkuc\\src\\promisify.js","statementMap":{"0":{"start":{"line":1,"column":25},"end":{"line":1,"column":143}},"1":{"start":{"line":1,"column":33},"end":{"line":1,"column":143}},"2":{"start":{"line":1,"column":46},"end":{"line":1,"column":143}},"3":{"start":{"line":1,"column":79},"end":{"line":1,"column":142}},"4":{"start":{"line":1,"column":107},"end":{"line":1,"column":140}}},"fnMap":{"0":{"name":"(anonymous_0)","decl":{"start":{"line":1,"column":25},"end":{"line":1,"column":26}},"loc":{"start":{"line":1,"column":33},"end":{"line":1,"column":143}},"line":1},"1":{"name":"(anonymous_1)","decl":{"start":{"line":1,"column":33},"end":{"line":1,"column":34}},"loc":{"start":{"line":1,"column":46},"end":{"line":1,"column":143}},"line":1},"2":{"name":"(anonymous_2)","decl":{"start":{"line":1,"column":58},"end":{"line":1,"column":59}},"loc":{"start":{"line":1,"column":79},"end":{"line":1,"column":142}},"line":1},"3":{"name":"(anonymous_3)","decl":{"start":{"line":1,"column":91},"end":{"line":1,"column":92}},"loc":{"start":{"line":1,"column":107},"end":{"line":1,"column":140}},"line":1}},"branchMap":{"0":{"loc":{"start":{"line":1,"column":107},"end":{"line":1,"column":140}},"type":"cond-expr","locations":[{"start":{"line":1,"column":113},"end":{"line":1,"column":124}},{"start":{"line":1,"column":127},"end":{"line":1,"column":140}}],"line":1}},"s":{"0":1,"1":1,"2":1,"3":1,"4":0},"f":{"0":1,"1":1,"2":1,"3":0},"b":{"0":[0,0]},"_coverageSchema":"1a1c01bbd47fc00a2c39e90264f33305004495a9","hash":"60163cc716386fb7075cbe96ff2d93b7f5e7fbc2"}
,"D:\\PROJECTS\\functional-lib-flowkuc\\src\\tap.js": {"path":"D:\\PROJECTS\\functional-lib-flowkuc\\src\\tap.js","statementMap":{"0":{"start":{"line":1,"column":19},"end":{"line":1,"column":44}},"1":{"start":{"line":1,"column":27},"end":{"line":1,"column":44}},"2":{"start":{"line":1,"column":35},"end":{"line":1,"column":43}}},"fnMap":{"0":{"name":"(anonymous_0)","decl":{"start":{"line":1,"column":19},"end":{"line":1,"column":20}},"loc":{"start":{"line":1,"column":27},"end":{"line":1,"column":44}},"line":1},"1":{"name":"(anonymous_1)","decl":{"start":{"line":1,"column":27},"end":{"line":1,"column":28}},"loc":{"start":{"line":1,"column":35},"end":{"line":1,"column":43}},"line":1}},"branchMap":{},"s":{"0":1,"1":1,"2":1},"f":{"0":1,"1":1},"b":{},"_coverageSchema":"1a1c01bbd47fc00a2c39e90264f33305004495a9","hash":"1d94bb7a7f4e3f42facc9b251349539413bb3553"}
,"D:\\PROJECTS\\functional-lib-flowkuc\\src\\unary.js": {"path":"D:\\PROJECTS\\functional-lib-flowkuc\\src\\unary.js","statementMap":{"0":{"start":{"line":1,"column":21},"end":{"line":1,"column":53}},"1":{"start":{"line":1,"column":29},"end":{"line":1,"column":53}},"2":{"start":{"line":1,"column":42},"end":{"line":1,"column":53}}},"fnMap":{"0":{"name":"(anonymous_0)","decl":{"start":{"line":1,"column":21},"end":{"line":1,"column":22}},"loc":{"start":{"line":1,"column":29},"end":{"line":1,"column":53}},"line":1},"1":{"name":"(anonymous_1)","decl":{"start":{"line":1,"column":29},"end":{"line":1,"column":30}},"loc":{"start":{"line":1,"column":42},"end":{"line":1,"column":53}},"line":1}},"branchMap":{},"s":{"0":1,"1":1,"2":3},"f":{"0":1,"1":3},"b":{},"_coverageSchema":"1a1c01bbd47fc00a2c39e90264f33305004495a9","hash":"556f8ff997185b297f230ae608dd5207f6195b79"}
,"D:\\PROJECTS\\functional-lib-flowkuc\\src\\wrapTiming.js": {"path":"D:\\PROJECTS\\functional-lib-flowkuc\\src\\wrapTiming.js","statementMap":{"0":{"start":{"line":3,"column":16},"end":{"line":3,"column":31}},"1":{"start":{"line":5,"column":12},"end":{"line":5,"column":75}},"2":{"start":{"line":5,"column":34},"end":{"line":5,"column":75}},"3":{"start":{"line":7,"column":26},"end":{"line":17,"column":1}},"4":{"start":{"line":7,"column":67},"end":{"line":17,"column":1}},"5":{"start":{"line":8,"column":14},"end":{"line":8,"column":23}},"6":{"start":{"line":9,"column":2},"end":{"line":16,"column":3}},"7":{"start":{"line":10,"column":22},"end":{"line":10,"column":33}},"8":{"start":{"line":11,"column":4},"end":{"line":11,"column":38}},"9":{"start":{"line":12,"column":4},"end":{"line":12,"column":21}},"10":{"start":{"line":14,"column":4},"end":{"line":14,"column":38}},"11":{"start":{"line":15,"column":4},"end":{"line":15,"column":16}}},"fnMap":{"0":{"name":"(anonymous_0)","decl":{"start":{"line":5,"column":12},"end":{"line":5,"column":13}},"loc":{"start":{"line":5,"column":34},"end":{"line":5,"column":75}},"line":5},"1":{"name":"(anonymous_1)","decl":{"start":{"line":7,"column":26},"end":{"line":7,"column":27}},"loc":{"start":{"line":7,"column":67},"end":{"line":17,"column":1}},"line":7},"2":{"name":"(anonymous_2)","decl":{"start":{"line":7,"column":67},"end":{"line":7,"column":68}},"loc":{"start":{"line":7,"column":80},"end":{"line":17,"column":1}},"line":7}},"branchMap":{"0":{"loc":{"start":{"line":7,"column":31},"end":{"line":7,"column":48}},"type":"default-arg","locations":[{"start":{"line":7,"column":41},"end":{"line":7,"column":48}}],"line":7},"1":{"loc":{"start":{"line":7,"column":50},"end":{"line":7,"column":62}},"type":"default-arg","locations":[{"start":{"line":7,"column":59},"end":{"line":7,"column":62}}],"line":7}},"s":{"0":1,"1":1,"2":1,"3":1,"4":1,"5":1,"6":1,"7":1,"8":1,"9":1,"10":0,"11":0},"f":{"0":1,"1":1,"2":1},"b":{"0":[1],"1":[1]},"_coverageSchema":"1a1c01bbd47fc00a2c39e90264f33305004495a9","hash":"cd63853b2aae79c42f491fdf6c586c45ba3f2e8f"}
}
